Determining if the pthread_create exist failed with the following output:
Change Dir: /home/xxz/catkin_ws/src/auto_flight/build/CMakeFiles/CMakeTmp

Run Build Command:"/usr/bin/make" "cmTC_10373/fast"
/usr/bin/make -f CMakeFiles/cmTC_10373.dir/build.make CMakeFiles/cmTC_10373.dir/build
make[1]: Entering directory '/home/xxz/catkin_ws/src/auto_flight/build/CMakeFiles/CMakeTmp'
Building C object CMakeFiles/cmTC_10373.dir/CheckSymbolExists.c.o
/usr/bin/cc     -o CMakeFiles/cmTC_10373.dir/CheckSymbolExists.c.o   -c /home/xxz/catkin_ws/src/auto_flight/build/CMakeFiles/CMakeTmp/CheckSymbolExists.c
Linking C executable cmTC_10373
/usr/bin/cmake -E cmake_link_script CMakeFiles/cmTC_10373.dir/link.txt --verbose=1
/usr/bin/cc       CMakeFiles/cmTC_10373.dir/CheckSymbolExists.c.o  -o cmTC_10373 -rdynamic 
CMakeFiles/cmTC_10373.dir/CheckSymbolExists.c.o：在函数‘main’中：
CheckSymbolExists.c:(.text+0x16)：对‘pthread_create’未定义的引用
collect2: error: ld returned 1 exit status
CMakeFiles/cmTC_10373.dir/build.make:97: recipe for target 'cmTC_10373' failed
make[1]: *** [cmTC_10373] Error 1
make[1]: Leaving directory '/home/xxz/catkin_ws/src/auto_flight/build/CMakeFiles/CMakeTmp'
Makefile:126: recipe for target 'cmTC_10373/fast' failed
make: *** [cmTC_10373/fast] Error 2

File /home/xxz/catkin_ws/src/auto_flight/build/CMakeFiles/CMakeTmp/CheckSymbolExists.c:
/* */
#include <pthread.h>

int main(int argc, char** argv)
{
  (void)argv;
#ifndef pthread_create
  return ((int*)(&pthread_create))[argc];
#else
  (void)argc;
  return 0;
#endif
}

Determining if the function pthread_create exists in the pthreads failed with the following output:
Change Dir: /home/xxz/catkin_ws/src/auto_flight/build/CMakeFiles/CMakeTmp

Run Build Command:"/usr/bin/make" "cmTC_079b9/fast"
/usr/bin/make -f CMakeFiles/cmTC_079b9.dir/build.make CMakeFiles/cmTC_079b9.dir/build
make[1]: Entering directory '/home/xxz/catkin_ws/src/auto_flight/build/CMakeFiles/CMakeTmp'
Building C object CMakeFiles/cmTC_079b9.dir/CheckFunctionExists.c.o
/usr/bin/cc    -DCHECK_FUNCTION_EXISTS=pthread_create   -o CMakeFiles/cmTC_079b9.dir/CheckFunctionExists.c.o   -c /usr/share/cmake-3.5/Modules/CheckFunctionExists.c
Linking C executable cmTC_079b9
/usr/bin/cmake -E cmake_link_script CMakeFiles/cmTC_079b9.dir/link.txt --verbose=1
/usr/bin/cc   -DCHECK_FUNCTION_EXISTS=pthread_create    CMakeFiles/cmTC_079b9.dir/CheckFunctionExists.c.o  -o cmTC_079b9 -rdynamic -lpthreads 
/usr/bin/ld: 找不到 -lpthreads
collect2: error: ld returned 1 exit status
CMakeFiles/cmTC_079b9.dir/build.make:97: recipe for target 'cmTC_079b9' failed
make[1]: *** [cmTC_079b9] Error 1
make[1]: Leaving directory '/home/xxz/catkin_ws/src/auto_flight/build/CMakeFiles/CMakeTmp'
Makefile:126: recipe for target 'cmTC_079b9/fast' failed
make: *** [cmTC_079b9/fast] Error 2


